生成启动时间为 7/17/2016 3:13:00 PM。
     1>项目“c:\Users\ZZY\documents\visual studio 2010\Projects\GitHelloWorld\GitHelloWorld\GitHelloWorld.vcxproj”在节点 2 上(build 个目标)。
     1>PrepareForBuild:
         正在创建目录“c:\users\zzy\documents\visual studio 2010\Projects\GitHelloWorld\Debug\”。
       InitializeBuildStatus:
         正在创建“Debug\GitHelloWorld.unsuccessfulbuild”，因为已指定“AlwaysCreate”。
       ClCompile:
         C:\Program Files (x86)\Microsoft Visual Studio 10.0\VC\bin\CL.exe /c /ZI /nologo /W3 /WX- /Od /Oy- /D WIN32 /D _WINDOWS /D _DEBUG /D _UNICODE /D UNICODE /D _AFXDLL /Gm /EHsc /RTC1 /MDd /GS /fp:precise /Zc:wchar_t /Zc:forScope /Yc"StdAfx.h" /Fp"Debug\GitHelloWorld.pch" /Fo"Debug\\" /Fd"Debug\vc100.pdb" /Gd /TP /analyze- /errorReport:prompt stdafx.cpp
         stdafx.cpp
         C:\Program Files (x86)\Microsoft Visual Studio 10.0\VC\bin\CL.exe /c /ZI /nologo /W3 /WX- /Od /Oy- /D WIN32 /D _WINDOWS /D _DEBUG /D _UNICODE /D UNICODE /D _AFXDLL /Gm /EHsc /RTC1 /MDd /GS /fp:precise /Zc:wchar_t /Zc:forScope /Yu"StdAfx.h" /Fp"Debug\GitHelloWorld.pch" /Fo"Debug\\" /Fd"Debug\vc100.pdb" /Gd /TP /analyze- /errorReport:prompt GitHelloWorld.cpp GitHelloWorldDlg.cpp
         GitHelloWorldDlg.cpp
         GitHelloWorld.cpp
         正在生成代码...
       ResourceCompile:
         C:\Program Files (x86)\Microsoft SDKs\Windows\v7.0A\bin\rc.exe /D _DEBUG /D _UNICODE /D UNICODE /D _AFXDLL /l"0x0804" /IDebug\ /nologo /fo"Debug\GitHelloWorld.res" GitHelloWorld.rc 
       ManifestResourceCompile:
         C:\Program Files (x86)\Microsoft SDKs\Windows\v7.0A\bin\rc.exe /nologo /fo"Debug\GitHelloWorld.exe.embed.manifest.res" Debug\GitHelloWorld_manifest.rc 
       Link:
         C:\Program Files (x86)\Microsoft Visual Studio 10.0\VC\bin\link.exe /ERRORREPORT:PROMPT /OUT:"c:\users\zzy\documents\visual studio 2010\Projects\GitHelloWorld\Debug\GitHelloWorld.exe" /INCREMENTAL /NOLOGO /MANIFEST /ManifestFile:"Debug\GitHelloWorld.exe.intermediate.manifest" /MANIFESTUAC:"level='asInvoker' uiAccess='false'" /DEBUG /PDB:"c:\users\zzy\documents\visual studio 2010\Projects\GitHelloWorld\Debug\GitHelloWorld.pdb" /SUBSYSTEM:WINDOWS /TLBID:1 /ENTRY:"wWinMainCRTStartup" /DYNAMICBASE /NXCOMPAT /IMPLIB:"c:\users\zzy\documents\visual studio 2010\Projects\GitHelloWorld\Debug\GitHelloWorld.lib" /MACHINE:X86 Debug\GitHelloWorld.res
         Debug\GitHelloWorld.exe.embed.manifest.res
         Debug\GitHelloWorld.obj
         Debug\GitHelloWorldDlg.obj
         Debug\stdafx.obj
       Manifest:
         C:\Program Files (x86)\Microsoft SDKs\Windows\v7.0A\bin\mt.exe /nologo /verbose /out:"Debug\GitHelloWorld.exe.embed.manifest" /manifest Debug\GitHelloWorld.exe.intermediate.manifest "C:\Program Files (x86)\Microsoft Visual Studio 10.0\VC\Include\Manifest\dpiaware.manifest"
         C:\Program Files (x86)\Microsoft SDKs\Windows\v7.0A\bin\rc.exe /nologo /fo"Debug\GitHelloWorld.exe.embed.manifest.res" Debug\GitHelloWorld_manifest.rc 
       LinkEmbedManifest:
         C:\Program Files (x86)\Microsoft Visual Studio 10.0\VC\bin\link.exe /ERRORREPORT:PROMPT /OUT:"c:\users\zzy\documents\visual studio 2010\Projects\GitHelloWorld\Debug\GitHelloWorld.exe" /INCREMENTAL /NOLOGO /MANIFEST /ManifestFile:"Debug\GitHelloWorld.exe.intermediate.manifest" /MANIFESTUAC:"level='asInvoker' uiAccess='false'" /DEBUG /PDB:"c:\users\zzy\documents\visual studio 2010\Projects\GitHelloWorld\Debug\GitHelloWorld.pdb" /SUBSYSTEM:WINDOWS /TLBID:1 /ENTRY:"wWinMainCRTStartup" /DYNAMICBASE /NXCOMPAT /IMPLIB:"c:\users\zzy\documents\visual studio 2010\Projects\GitHelloWorld\Debug\GitHelloWorld.lib" /MACHINE:X86 Debug\GitHelloWorld.res
         Debug\GitHelloWorld.exe.embed.manifest.res
         Debug\GitHelloWorld.obj
         Debug\GitHelloWorldDlg.obj
         Debug\stdafx.obj
         GitHelloWorld.vcxproj -> c:\users\zzy\documents\visual studio 2010\Projects\GitHelloWorld\Debug\GitHelloWorld.exe
       FinalizeBuildStatus:
         正在删除文件“Debug\GitHelloWorld.unsuccessfulbuild”。
         正在对“Debug\GitHelloWorld.lastbuildstate”执行 Touch 任务。
     1>已完成生成项目“c:\Users\ZZY\documents\visual studio 2010\Projects\GitHelloWorld\GitHelloWorld\GitHelloWorld.vcxproj”(build 个目标)的操作。

生成成功。

已用时间 00:00:07.29
